#
# There is insufficient memory for the Java Runtime Environment to continue.
# Native memory allocation (mmap) failed to map 201326592 bytes for G1 virtual space
# Possible reasons:
#   The system is out of physical RAM or swap space
#   The process is running with CompressedOops enabled, and the Java Heap may be blocking the growth of the native heap
# Possible solutions:
#   Reduce memory load on the system
#   Increase physical memory or swap space
#   Check if swap backing store is full
#   Decrease Java heap size (-Xmx/-Xms)
#   Decrease number of Java threads
#   Decrease Java thread stack sizes (-Xss)
#   Set larger code cache with -XX:ReservedCodeCacheSize=
#   JVM is running with Zero Based Compressed Oops mode in which the Java heap is
#     placed in the first 32GB address space. The Java Heap base address is the
#     maximum limit for the native heap growth. Please use -XX:HeapBaseMinAddress
#     to set the Java Heap base and to place the Java Heap above 32GB virtual address.
# This output file may be truncated or incomplete.
#
#  Out of Memory Error (os_windows.cpp:3532), pid=15860, tid=10544
#
# JRE version:  (17.0.2+9) (build )
# Java VM: OpenJDK 64-Bit Server VM (17.0.2+9-LTS, mixed mode, sharing, tiered, compressed oops, compressed class ptrs, g1 gc, windows-amd64)
# No core dump will be written. Minidumps are not enabled by default on client versions of Windows
#

---------------  S U M M A R Y ------------

Command Line: -javaagent:C:\Program Files\JetBrains\IntelliJ IDEA 2021.2.2\lib\idea_rt.jar=61975:C:\Program Files\JetBrains\IntelliJ IDEA 2021.2.2\bin -Dfile.encoding=UTF-8 --module-path=C:\Users\blanc\.m2\repository\org\openjfx\javafx-graphics\17.0.1\javafx-graphics-17.0.1-win.jar;C:\Users\blanc\.m2\repository\org\openjfx\javafx-controls\17.0.1\javafx-controls-17.0.1-win.jar;C:\Users\blanc\Desktop\Gestion de gadam\GADAM\Programa\GestionAlmacenDAM\target\classes;C:\Users\blanc\.m2\repository\org\openjfx\javafx-fxml\17.0.1\javafx-fxml-17.0.1-win.jar;C:\Users\blanc\.m2\repository\org\openjfx\javafx-base\17.0.1\javafx-base-17.0.1-win.jar;C:\Users\blanc\.m2\repository\org\projectlombok\lombok\1.18.24\lombok-1.18.24.jar -Djdk.module.main=com.dam.gestionalmacendam com.dam.gestionalmacendam/com.dam.gestionalmacendam.HelloApplication

Host: Intel(R) Core(TM) i5-5200U CPU @ 2.20GHz, 4 cores, 11G,  Windows 10 , 64 bit Build 19041 (10.0.19041.1645)
Time: Thu May 12 00:19:04 2022 Hora de verano romance elapsed time: 0.038128 seconds (0d 0h 0m 0s)

---------------  T H R E A D  ---------------

Current thread (0x00000191d62bea50):  JavaThread "Unknown thread" [_thread_in_vm, id=10544, stack(0x00000084d3800000,0x00000084d3900000)]

Stack: [0x00000084d3800000,0x00000084d3900000]
Native frames: (J=compiled Java code, j=interpreted, Vv=VM code, C=native code)
V  [jvm.dll+0x6454fa]
V  [jvm.dll+0x7f6074]
V  [jvm.dll+0x7f782e]
V  [jvm.dll+0x7f7e83]
V  [jvm.dll+0x2348c8]
V  [jvm.dll+0x64243a]
V  [jvm.dll+0x636e12]
V  [jvm.dll+0x2f28f9]
V  [jvm.dll+0x2f9ad6]
V  [jvm.dll+0x34553a]
V  [jvm.dll+0x34577f]
V  [jvm.dll+0x2c8e18]
V  [jvm.dll+0x2c9da9]
V  [jvm.dll+0x7c97c1]
V  [jvm.dll+0x352951]
V  [jvm.dll+0x7a9bee]
V  [jvm.dll+0x3ce233]
V  [jvm.dll+0x3cfc71]
C  [jli.dll+0x51af]
C  [ucrtbase.dll+0x21bb2]
C  [KERNEL32.DLL+0x17034]
C  [ntdll.dll+0x52651]


---------------  P R O C E S S  ---------------

Threads class SMR info:
_java_thread_list=0x00007ff89fb736d8, length=0, elements={
}

Java Threads: ( => current thread )

Other Threads:
  0x00000191d62ff450 GCTaskThread "GC Thread#0" [stack: 0x00000084d3900000,0x00000084d3a00000] [id=17264]
  0x00000191d6309260 ConcurrentGCThread "G1 Main Marker" [stack: 0x00000084d3a00000,0x00000084d3b00000] [id=13840]
  0x00000191d6309c70 ConcurrentGCThread "G1 Conc#0" [stack: 0x00000084d3b00000,0x00000084d3c00000] [id=18084]

[error occurred during error reporting (printing all threads), id 0xc0000005, EXCEPTION_ACCESS_VIOLATION (0xc0000005) at pc=0x00007ff89f369ff7]

VM state: not at safepoint (not fully initialized)

VM Mutex/Monitor currently owned by a thread:  ([mutex/lock_event])
[0x00000191d62ba260] Heap_lock - owner thread: 0x00000191d62bea50

Heap address: 0x0000000741800000, size: 3048 MB, Compressed Oops mode: Zero based, Oop shift amount: 3

CDS archive(s) mapped at: [0x0000000000000000-0x0000000000000000-0x0000000000000000), size 0, SharedBaseAddress: 0x0000000800000000, ArchiveRelocationMode: 0.
Narrow klass base: 0x0000000000000000, Narrow klass shift: 0, Narrow klass range: 0x0

GC Precious Log:
<Empty>

Heap:
 garbage-first heap   total 0K, used 0K [0x0000000741800000, 0x0000000800000000)
  region size 2048K, 0 young (0K), 0 survivors (0K)

[error occurred during error reporting (printing heap information), id 0xc0000005, EXCEPTION_ACCESS_VIOLATION (0xc0000005) at pc=0x00007ff89f72ce79]

GC Heap History (0 events):
No events

Deoptimization events (0 events):
No events

Classes unloaded (0 events):
No events

Classes redefined (0 events):
No events

Internal exceptions (0 events):
No events

VM Operations (0 events):
No events

Events (1 events):
Event: 0.019 Loaded shared library C:\Program Files\BellSoft\LibericaJDK-17-Full\bin\java.dll


Dynamic libraries:
0x00007ff77a0c0000 - 0x00007ff77a0cd000 	C:\Program Files\BellSoft\LibericaJDK-17-Full\bin\java.exe
0x00007ff8f0df0000 - 0x00007ff8f0fe5000 	C:\WINDOWS\SYSTEM32\ntdll.dll
0x00007ff8eef80000 - 0x00007ff8ef03e000 	C:\WINDOWS\System32\KERNEL32.DLL
0x00007ff8ee6e0000 - 0x00007ff8ee9a8000 	C:\WINDOWS\System32\KERNELBASE.dll
0x00007ff8eeb40000 - 0x00007ff8eec40000 	C:\WINDOWS\System32\ucrtbase.dll
0x00007ff8e9590000 - 0x00007ff8e95a8000 	C:\Program Files\BellSoft\LibericaJDK-17-Full\bin\jli.dll
0x00007ff8ef040000 - 0x00007ff8ef1e0000 	C:\WINDOWS\System32\USER32.dll
0x00007ff8eeb10000 - 0x00007ff8eeb32000 	C:\WINDOWS\System32\win32u.dll
0x00007ff8f0420000 - 0x00007ff8f044a000 	C:\WINDOWS\System32\GDI32.dll
0x00007ff8eecf0000 - 0x00007ff8eedfb000 	C:\WINDOWS\System32\gdi32full.dll
0x00007ff8eea70000 - 0x00007ff8eeb0d000 	C:\WINDOWS\System32\msvcp_win.dll
0x00007ff8dc680000 - 0x00007ff8dc91a000 	C:\WINDOWS\WinSxS\amd64_microsoft.windows.common-controls_6595b64144ccf1df_6.0.19041.1110_none_60b5254171f9507e\COMCTL32.dll
0x00007ff8f0320000 - 0x00007ff8f03be000 	C:\WINDOWS\System32\msvcrt.dll
0x00007ff8e9570000 - 0x00007ff8e9585000 	C:\Program Files\BellSoft\LibericaJDK-17-Full\bin\VCRUNTIME140.dll
0x00007ff8f09f0000 - 0x00007ff8f0a20000 	C:\WINDOWS\System32\IMM32.DLL
0x00007ff8daa10000 - 0x00007ff8daaab000 	C:\Program Files\BellSoft\LibericaJDK-17-Full\bin\msvcp140.dll
0x00007ff89f090000 - 0x00007ff89fca1000 	C:\Program Files\BellSoft\LibericaJDK-17-Full\bin\server\jvm.dll
0x00007ff8f0820000 - 0x00007ff8f08ce000 	C:\WINDOWS\System32\ADVAPI32.dll
0x00007ff8eeee0000 - 0x00007ff8eef7c000 	C:\WINDOWS\System32\sechost.dll
0x00007ff8f0ba0000 - 0x00007ff8f0cc5000 	C:\WINDOWS\System32\RPCRT4.dll
0x00007ff8f07b0000 - 0x00007ff8f07b8000 	C:\WINDOWS\System32\PSAPI.DLL
0x00007ff8eccb0000 - 0x00007ff8eccb9000 	C:\WINDOWS\SYSTEM32\WSOCK32.dll
0x00007ff8f0230000 - 0x00007ff8f029b000 	C:\WINDOWS\System32\WS2_32.dll
0x00007ff8dc100000 - 0x00007ff8dc127000 	C:\WINDOWS\SYSTEM32\WINMM.dll
0x00007ff8dcdc0000 - 0x00007ff8dcdca000 	C:\WINDOWS\SYSTEM32\VERSION.dll
0x00007ff8ecdc0000 - 0x00007ff8ecdd2000 	C:\WINDOWS\SYSTEM32\kernel.appcore.dll
0x00007ff8eb9c0000 - 0x00007ff8eb9ca000 	C:\Program Files\BellSoft\LibericaJDK-17-Full\bin\jimage.dll
0x00007ff8ec2f0000 - 0x00007ff8ec4d4000 	C:\WINDOWS\SYSTEM32\DBGHELP.DLL
0x00007ff8dc000000 - 0x00007ff8dc02c000 	C:\WINDOWS\SYSTEM32\dbgcore.DLL
0x00007ff8ee9b0000 - 0x00007ff8eea32000 	C:\WINDOWS\System32\bcryptPrimitives.dll
0x00007ff8e9770000 - 0x00007ff8e977e000 	C:\Program Files\BellSoft\LibericaJDK-17-Full\bin\instrument.dll
0x00007ff8e94c0000 - 0x00007ff8e94e5000 	C:\Program Files\BellSoft\LibericaJDK-17-Full\bin\java.dll

dbghelp: loaded successfully - version: 4.0.5 - missing functions: none
symbol engine: initialized successfully - sym options: 0x614 - pdb path: .;C:\Program Files\BellSoft\LibericaJDK-17-Full\bin;C:\WINDOWS\SYSTEM32;C:\WINDOWS\WinSxS\amd64_microsoft.windows.common-controls_6595b64144ccf1df_6.0.19041.1110_none_60b5254171f9507e;C:\Program Files\BellSoft\LibericaJDK-17-Full\bin\server

VM Arguments:
jvm_args: -javaagent:C:\Program Files\JetBrains\IntelliJ IDEA 2021.2.2\lib\idea_rt.jar=61975:C:\Program Files\JetBrains\IntelliJ IDEA 2021.2.2\bin -Dfile.encoding=UTF-8 --module-path=C:\Users\blanc\.m2\repository\org\openjfx\javafx-graphics\17.0.1\javafx-graphics-17.0.1-win.jar;C:\Users\blanc\.m2\repository\org\openjfx\javafx-controls\17.0.1\javafx-controls-17.0.1-win.jar;C:\Users\blanc\Desktop\Gestion de gadam\GADAM\Programa\GestionAlmacenDAM\target\classes;C:\Users\blanc\.m2\repository\org\openjfx\javafx-fxml\17.0.1\javafx-fxml-17.0.1-win.jar;C:\Users\blanc\.m2\repository\org\openjfx\javafx-base\17.0.1\javafx-base-17.0.1-win.jar;C:\Users\blanc\.m2\repository\org\projectlombok\lombok\1.18.24\lombok-1.18.24.jar -Djdk.module.main=com.dam.gestionalmacendam 
java_command: com.dam.gestionalmacendam/com.dam.gestionalmacendam.HelloApplication
java_class_path (initial): C:\Users\blanc\.m2\repository\org\openjfx\javafx-controls\17.0.1\javafx-controls-17.0.1.jar;C:\Users\blanc\.m2\repository\org\openjfx\javafx-graphics\17.0.1\javafx-graphics-17.0.1.jar;C:\Users\blanc\.m2\repository\org\openjfx\javafx-base\17.0.1\javafx-base-17.0.1.jar;C:\Users\blanc\.m2\repository\org\openjfx\javafx-fxml\17.0.1\javafx-fxml-17.0.1.jar;C:\Users\blanc\.m2\repository\org\xerial\sqlite-jdbc\3.36.0.3\sqlite-jdbc-3.36.0.3.jar;C:\Users\blanc\.m2\repository\org\mybatis\mybatis\3.5.9\mybatis-3.5.9.jar
Launcher Type: SUN_STANDARD

[Global flags]
     intx CICompilerCount                          = 3                                         {product} {ergonomic}
     uint ConcGCThreads                            = 1                                         {product} {ergonomic}
     uint G1ConcRefinementThreads                  = 4                                         {product} {ergonomic}
   size_t G1HeapRegionSize                         = 2097152                                   {product} {ergonomic}
    uintx GCDrainStackTargetSize                   = 64                                        {product} {ergonomic}
   size_t InitialHeapSize                          = 201326592                                 {product} {ergonomic}
   size_t MarkStackSize                            = 4194304                                   {product} {ergonomic}
   size_t MaxHeapSize                              = 3196059648                                {product} {ergonomic}
   size_t MinHeapDeltaBytes                        = 2097152                                   {product} {ergonomic}
   size_t MinHeapSize                              = 8388608                                   {product} {ergonomic}
    uintx NonNMethodCodeHeapSize                   = 5832780                                {pd product} {ergonomic}
    uintx NonProfiledCodeHeapSize                  = 122912730                              {pd product} {ergonomic}
    uintx ProfiledCodeHeapSize                     = 122912730                              {pd product} {ergonomic}
    uintx ReservedCodeCacheSize                    = 251658240                              {pd product} {ergonomic}
     bool SegmentedCodeCache                       = true                                      {product} {ergonomic}
   size_t SoftMaxHeapSize                          = 3196059648                             {manageable} {ergonomic}
     bool UseCompressedClassPointers               = true                           {product lp64_product} {ergonomic}
     bool UseCompressedOops                        = true                           {product lp64_product} {ergonomic}
     bool UseG1GC                                  = true                                      {product} {ergonomic}
     bool UseLargePagesIndividualAllocation        = false                                  {pd product} {ergonomic}

Logging:
Log output configuration:
 #0: stdout all=warning uptime,level,tags
 #1: stderr all=off uptime,level,tags

Environment Variables:
JAVA_HOME=C:\Program Files\BellSoft\LibericaJDK-17-Full\
PATH=C:\Program Files\BellSoft\LibericaJDK-17-Full\bin\;C:\Program Files (x86)\VMware\VMware Workstation\bin\;C:\Program Files\Amazon Corretto\jdk11.0.12_7\bin;C:\Program Files (x86)\Intel\iCLS Client\;C:\Program Files\Intel\iCLS Client\;C:\WINDOWS\system32;C:\WINDOWS;C:\WINDOWS\System32\Wbem;C:\WINDOWS\System32\WindowsPowerShell\v1.0\;C:\Program Files (x86)\Intel\Intel(R) Management Engine Components\DAL;C:\Program Files\Intel\Intel(R) Management Engine Components\DAL;C:\Program Files (x86)\Intel\Intel(R) Management Engine Components\IPT;C:\Program Files\Intel\Intel(R) Management Engine Components\IPT;C:\WINDOWS\System32\OpenSSH\;C:\Program Files\nodejs\;C:\Program Files\Git\cmd;C:\Program Files\Docker\Docker\resources\bin;C:\ProgramData\DockerDesktop\version-bin;C:\Program Files (x86)\MySQL\MySQL Fabric 1.5 & MySQL Utilities 1.5\;C:\Program Files (x86)\MySQL\MySQL Fabric 1.5 & MySQL Utilities 1.5\Doctrine extensions for PHP\;C:\Users\blanc\AppData\Local\Microsoft\WindowsApps;C:\Users\blanc\AppData\Roaming\npm;C:\Users\blanc\AppData\Local\Programs\Microsoft VS Code\bin;C:\Program Files (x86)\GitHub CLI\;C:\Users\blanc\AppData\Local\gitkraken\bin;C:\Users\blanc\AppData\Local\GitHubDesktop\bin
USERNAME=blanc
OS=Windows_NT
PROCESSOR_IDENTIFIER=Intel64 Family 6 Model 61 Stepping 4, GenuineIntel



---------------  S Y S T E M  ---------------

OS:
 Windows 10 , 64 bit Build 19041 (10.0.19041.1645)
OS uptime: 1 days 5:43 hours

CPU: total 4 (initial active 4) (2 cores per cpu, 2 threads per core) family 6 model 61 stepping 4 microcode 0x2d, cx8, cmov, fxsr, ht, mmx, 3dnowpref, sse, sse2, sse3, ssse3, sse4.1, sse4.2, popcnt, lzcnt, tsc, tscinvbit, avx, avx2, aes, erms, clmul, bmi1, bmi2, adx, fma, vzeroupper, clflush

Memory: 4k page, system-wide physical 12189M (488M free)
TotalPageFile size 36464M (AvailPageFile size 37M)
current process WorkingSet (physical memory assigned to process): 10M, peak: 10M
current process commit charge ("private bytes"): 51M, peak: 243M

vm_info: OpenJDK 64-Bit Server VM (17.0.2+9-LTS) for windows-amd64 JRE (17.0.2+9-LTS), built on Jan 12 2022 05:55:55 by "" with MS VC++ 15.9 (VS2017)

END.
